leaflet: 433.27 KB (22.1%)
proj4: 337.93 KB (17.2%)
@material-ui/core: 239.93 KB (12.2%)
@material-ui/styles: 144.3 KB (7.36%)
react-dom: 119.19 KB (6.08%)
i18next: 73.4 KB (3.74%)
jss: 56.04 KB (2.86%)
react-transition-group: 54.62 KB (2.78%)
react-i18next: 27.86 KB (1.42%)
mgrs: 20.46 KB (1.04%)
react-leaflet: 20.27 KB (1.03%)
@material-ui/system: 18.14 KB (0.925%)
@babel/runtime: 14.69 KB (0.749%)
css-vendor: 14.49 KB (0.738%)
@react-leaflet/core: 11.6 KB (0.591%)
wkt-parser: 11.41 KB (0.582%)
@material-ui/utils: 9.65 KB (0.492%)
react: 7.63 KB (0.389%)
proj4leaflet: 7.56 KB (0.385%)
style-loader: 6.67 KB (0.340%)
jss-plugin-default-unit: 5.8 KB (0.296%)
html-parse-stringify2: 5.32 KB (0.271%)
scheduler: 4.91 KB (0.250%)
jss-plugin-global: 4.01 KB (0.204%)
jss-plugin-nested: 3.55 KB (0.181%)
@material-ui/icons: 3.24 KB (0.165%)
react-is: 2.69 KB (0.137%)
hoist-non-react-statics: 2.68 KB (0.137%)
prop-types: 2.58 KB (0.132%)
css-loader: 2.38 KB (0.121%)
jss-plugin-rule-value-function: 2.3 KB (0.117%)
object-assign: 2.06 KB (0.105%)
jss-plugin-vendor-prefixer: 1.49 KB (0.0757%)
jss-plugin-camel-case: 1.46 KB (0.0743%)
dom-helpers: 1.21 KB (0.0617%)
clsx: 659 B (0.0328%)
jss-plugin-props-sort: 593 B (0.0295%)
is-in-browser: 510 B (0.0254%)
hyphenate-style-name: 452 B (0.0225%)
void-elements: 376 B (0.0187%)
tiny-warning: 361 B (0.0180%)
<self>: 284.2 KB (14.5%)
